<?xml version="1.0" encoding="UTF-8"?>
<!-- Generated by org.testng.reporters.JUnitReportReporter -->
<testsuite skipped="3" hostname="marjanas-Air" name="api.test.GetAPI" tests="4" failures="0" timestamp="2022-12-20T19:51:57 EST" time="4.575" errors="0">
  <testcase name="getCallBodyValidation" time="4.575" classname="api.test.GetAPI"/>
  <system-out/>
  <testcase name="getCallListValidation" classname="api.test.GetAPI">
    <skipped/>
  </testcase> <!-- getCallListValidation -->
  <system-out/>
  <testcase name="getCallBodyValidation2" classname="api.test.GetAPI">
    <skipped/>
  </testcase> <!-- getCallBodyValidation2 -->
  <system-out/>
  <testcase name="getStatusCode" classname="api.test.GetAPI">
    <skipped/>
  </testcase> <!-- getStatusCode -->
  <system-out/>
</testsuite> <!-- api.test.GetAPI -->
