<?xml version="1.0" encoding="UTF-8"?>
<!-- Generated by org.testng.reporters.JUnitReportReporter -->
<testsuite skipped="4" hostname="marjanas-Air" name="api.test.GetAPI" tests="5" failures="0" timestamp="2022-12-13T18:33:28 EST" time="2.662" errors="0">
  <testcase name="getCallComplexListValidationJsonPath" time="2.662" classname="api.test.GetAPI"/>
  <system-out/>
  <testcase name="getCallBodyValidation2" classname="api.test.GetAPI">
    <skipped/>
  </testcase> <!-- getCallBodyValidation2 -->
  <system-out/>
  <testcase name="getCallListValidation" classname="api.test.GetAPI">
    <skipped/>
  </testcase> <!-- getCallListValidation -->
  <system-out/>
  <testcase name="getStatusCode" classname="api.test.GetAPI">
    <skipped/>
  </testcase> <!-- getStatusCode -->
  <system-out/>
  <testcase name="getCallBodyValidation" classname="api.test.GetAPI">
    <skipped/>
  </testcase> <!-- getCallBodyValidation -->
  <system-out/>
</testsuite> <!-- api.test.GetAPI -->
