<?xml version="1.0" encoding="UTF-8"?>
<!-- Generated by org.testng.reporters.JUnitReportReporter -->
<testsuite skipped="0" hostname="marjanas-MacBook-Air.local" name="api.testscripts.GetUserTest" tests="1" failures="0" timestamp="2022-12-20T09:39:10 EST" time="2.244" errors="0">
  <testcase name="getUsersTest" time="2.244" classname="api.testscripts.GetUserTest"/>
  <system-out/>
</testsuite> <!-- api.testscripts.GetUserTest -->
